Fri Apr 21 09:30:03 CDT 2023
Autoloading gcc/11.2.0

Loading proteus/fct/gcc-11.2.0
  Loading requirement: gcc/11.2.0
# Wave

# Printing input data here to check

# Height/Depth: 0.050
# Dimensionless Period T*sqrt(g/d):   2.70
# Current criterion: Euler,  Dimensionless value: 0.000

# Solution by 8-term Fourier series


Height step  1 of  1

Iteration  1: Mean of corrections to free surface:  7.4e-03
Iteration  2: Mean of corrections to free surface:  1.4e-04
Iteration  3: Mean of corrections to free surface:  1.1e-07
Iteration  4: Mean of corrections to free surface:  5.6e-11

# Solution summary:

# Wave

# Solution by 8-term Fourier series

# Height/Depth: 0.050,  30% of the maximum of H/d = 0.168 for this length:
# Length/Depth:   1.18
# Dimensionless Period T*sqrt(g/d):   2.70
# Current criterion: Euler,  Dimensionless value: 0.000

Touch key to continue


Finished
Max nNodes_subdomain 6985 nNodes_global 6985
Done allocating MPIAdj
Max memory usage per core 0.22682GB
Done applying partition
Max memory usage per core 0.227336GB
==================out of core old2new is correct!====================
Done with masks
Max memory usage per core 0.227631GB
Done marking elements
Max memory usage per core 0.227631GB
Done allocating element numbering new2old/old2new
Max memory usage per core 0.227631GB
Done reading element boundaries
Max memory usage per core 0.233275GB
Allocating elementBoudnary old2new/new2old
Max memory usage per core 0.235708GB
Done allocating elementBoudnary old2new/new2old
Max memory usage per core 0.235708GB
Done reading edges
Max memory usage per core 0.242737GB
Setting edgeNumering old2new/new2old
Max memory usage per core 0.245441GB
Done allocating edgeNumering old2new/new2old
Max memory usage per core 0.245441GB
Done reading vertices
Max memory usage per core 0.245981GB
Done with material types
Max memory usage per core 0.257872GB
Done with partitioning!
Max memory usage per core 0.258236GB
