Autoloading mvapich2/2.3.3/gcc-9.3.0

Loading proteus/1.8.1/gcc-9.3.0-mvapich2-2.3.3
  Loading requirement: gcc/9.3.0 mvapich2/2.3.3/gcc-9.3.0
Traceback (most recent call last):
  File "/project/whtsao/proteus/1.8.1/bin/parun", line 7, in <module>
Traceback (most recent call last):
  File "/project/whtsao/proteus/1.8.1/bin/parun", line 7, in <module>
Traceback (most recent call last):
  File "/project/whtsao/proteus/1.8.1/bin/parun", line 7, in <module>
Traceback (most recent call last):
  File "/project/whtsao/proteus/1.8.1/bin/parun", line 7, in <module>
Traceback (most recent call last):
  File "/project/whtsao/proteus/1.8.1/bin/parun", line 7, in <module>
Traceback (most recent call last):
  File "/project/whtsao/proteus/1.8.1/bin/parun", line 7, in <module>
Traceback (most recent call last):
  File "/project/whtsao/proteus/1.8.1/bin/parun", line 7, in <module>
Traceback (most recent call last):
  File "/project/whtsao/proteus/1.8.1/bin/parun", line 7, in <module>
Traceback (most recent call last):
  File "/project/whtsao/proteus/1.8.1/bin/parun", line 7, in <module>
Traceback (most recent call last):
  File "/project/whtsao/proteus/1.8.1/bin/parun", line 7, in <module>
Traceback (most recent call last):
  File "/project/whtsao/proteus/1.8.1/bin/parun", line 7, in <module>
Traceback (most recent call last):
  File "/project/whtsao/proteus/1.8.1/bin/parun", line 7, in <module>
Traceback (most recent call last):
  File "/project/whtsao/proteus/1.8.1/bin/parun", line 7, in <module>
Traceback (most recent call last):
  File "/project/whtsao/proteus/1.8.1/bin/parun", line 7, in <module>
Traceback (most recent call last):
  File "/project/whtsao/proteus/1.8.1/bin/parun", line 7, in <module>
Traceback (most recent call last):
  File "/project/whtsao/proteus/1.8.1/bin/parun", line 7, in <module>
Traceback (most recent call last):
  File "/project/whtsao/proteus/1.8.1/bin/parun", line 7, in <module>
Traceback (most recent call last):
  File "/project/whtsao/proteus/1.8.1/bin/parun", line 7, in <module>
Traceback (most recent call last):
  File "/project/whtsao/proteus/1.8.1/bin/parun", line 7, in <module>
Traceback (most recent call last):
  File "/project/whtsao/proteus/1.8.1/bin/parun", line 7, in <module>
Traceback (most recent call last):
  File "/project/whtsao/proteus/1.8.1/bin/parun", line 7, in <module>
Traceback (most recent call last):
  File "/project/whtsao/proteus/1.8.1/bin/parun", line 7, in <module>
Traceback (most recent call last):
  File "/project/whtsao/proteus/1.8.1/bin/parun", line 7, in <module>
Traceback (most recent call last):
  File "/project/whtsao/proteus/1.8.1/bin/parun", line 7, in <module>
Traceback (most recent call last):
  File "/project/whtsao/proteus/1.8.1/bin/parun", line 7, in <module>
Traceback (most recent call last):
  File "/project/whtsao/proteus/1.8.1/bin/parun", line 7, in <module>
Traceback (most recent call last):
  File "/project/whtsao/proteus/1.8.1/bin/parun", line 7, in <module>
Traceback (most recent call last):
  File "/project/whtsao/proteus/1.8.1/bin/parun", line 7, in <module>
Traceback (most recent call last):
  File "/project/whtsao/proteus/1.8.1/bin/parun", line 7, in <module>
Traceback (most recent call last):
  File "/project/whtsao/proteus/1.8.1/bin/parun", line 7, in <module>
Traceback (most recent call last):
  File "/project/whtsao/proteus/1.8.1/bin/parun", line 7, in <module>
Traceback (most recent call last):
  File "/project/whtsao/proteus/1.8.1/bin/parun", line 7, in <module>
Traceback (most recent call last):
  File "/project/whtsao/proteus/1.8.1/bin/parun", line 7, in <module>
Traceback (most recent call last):
  File "/project/whtsao/proteus/1.8.1/bin/parun", line 7, in <module>
Traceback (most recent call last):
  File "/project/whtsao/proteus/1.8.1/bin/parun", line 7, in <module>
Traceback (most recent call last):
  File "/project/whtsao/proteus/1.8.1/bin/parun", line 7, in <module>
Traceback (most recent call last):
  File "/project/whtsao/proteus/1.8.1/bin/parun", line 7, in <module>
Traceback (most recent call last):
  File "/project/whtsao/proteus/1.8.1/bin/parun", line 7, in <module>
Traceback (most recent call last):
  File "/project/whtsao/proteus/1.8.1/bin/parun", line 7, in <module>
Traceback (most recent call last):
  File "/project/whtsao/proteus/1.8.1/bin/parun", line 7, in <module>
Traceback (most recent call last):
  File "/project/whtsao/proteus/1.8.1/bin/parun", line 7, in <module>
Traceback (most recent call last):
  File "/project/whtsao/proteus/1.8.1/bin/parun", line 7, in <module>
Traceback (most recent call last):
  File "/project/whtsao/proteus/1.8.1/bin/parun", line 7, in <module>
Traceback (most recent call last):
  File "/project/whtsao/proteus/1.8.1/bin/parun", line 7, in <module>
Traceback (most recent call last):
  File "/project/whtsao/proteus/1.8.1/bin/parun", line 7, in <module>
Traceback (most recent call last):
  File "/project/whtsao/proteus/1.8.1/bin/parun", line 7, in <module>
    exec(compile(f.read(), __file__, 'exec'))
  File "/ddnA/project/cekees/whtsao/proteus/scripts/parun", line 413, in <module>
Traceback (most recent call last):
  File "/project/whtsao/proteus/1.8.1/bin/parun", line 7, in <module>
    exec(compile(f.read(), __file__, 'exec'))
  File "/ddnA/project/cekees/whtsao/proteus/scripts/parun", line 413, in <module>
    so = proteus.defaults.load_system(args[0][:-3])
  File "/ddnA/project/cekees/whtsao/proteus/proteus/defaults.py", line 237, in load_system
    exec(compile(f.read(), __file__, 'exec'))
  File "/ddnA/project/cekees/whtsao/proteus/scripts/parun", line 413, in <module>
    exec(compile(f.read(), __file__, 'exec'))
  File "/ddnA/project/cekees/whtsao/proteus/scripts/parun", line 413, in <module>
    exec(compile(f.read(), __file__, 'exec'))
  File "/ddnA/project/cekees/whtsao/proteus/scripts/parun", line 413, in <module>
    exec(compile(f.read(), __file__, 'exec'))
  File "/ddnA/project/cekees/whtsao/proteus/scripts/parun", line 413, in <module>
    exec(compile(f.read(), __file__, 'exec'))
  File "/ddnA/project/cekees/whtsao/proteus/scripts/parun", line 413, in <module>
    so = proteus.defaults.load_system(args[0][:-3])
  File "/ddnA/project/cekees/whtsao/proteus/proteus/defaults.py", line 237, in load_system
    exec(compile(f.read(), __file__, 'exec'))
  File "/ddnA/project/cekees/whtsao/proteus/scripts/parun", line 413, in <module>
    so = proteus.defaults.load_system(args[0][:-3])
  File "/ddnA/project/cekees/whtsao/proteus/proteus/defaults.py", line 237, in load_system
    so = proteus.defaults.load_system(args[0][:-3])
  File "/ddnA/project/cekees/whtsao/proteus/proteus/defaults.py", line 237, in load_system
    so = proteus.defaults.load_system(args[0][:-3])
  File "/ddnA/project/cekees/whtsao/proteus/proteus/defaults.py", line 237, in load_system
    so = imp.load_source(soModule, os.path.join(path, soModule+".py"))
  File "/ddnA/project/cekees/whtsao/proteus/1.8.1/lib/python3.10/imp.py", line 172, in load_source
    so = imp.load_source(soModule, os.path.join(path, soModule+".py"))
  File "/ddnA/project/cekees/whtsao/proteus/1.8.1/lib/python3.10/imp.py", line 172, in load_source
    so = proteus.defaults.load_system(args[0][:-3])
  File "/ddnA/project/cekees/whtsao/proteus/proteus/defaults.py", line 237, in load_system
    so = proteus.defaults.load_system(args[0][:-3])
  File "/ddnA/project/cekees/whtsao/proteus/proteus/defaults.py", line 237, in load_system
    so = imp.load_source(soModule, os.path.join(path, soModule+".py"))
  File "/ddnA/project/cekees/whtsao/proteus/1.8.1/lib/python3.10/imp.py", line 172, in load_source
    so = imp.load_source(soModule, os.path.join(path, soModule+".py"))
  File "/ddnA/project/cekees/whtsao/proteus/1.8.1/lib/python3.10/imp.py", line 172, in load_source
    so = imp.load_source(soModule, os.path.join(path, soModule+".py"))
  File "/ddnA/project/cekees/whtsao/proteus/1.8.1/lib/python3.10/imp.py", line 172, in load_source
    exec(compile(f.read(), __file__, 'exec'))
  File "/ddnA/project/cekees/whtsao/proteus/scripts/parun", line 413, in <module>
    so = imp.load_source(soModule, os.path.join(path, soModule+".py"))
  File "/ddnA/project/cekees/whtsao/proteus/1.8.1/lib/python3.10/imp.py", line 172, in load_source
    so = proteus.defaults.load_system(args[0][:-3])
  File "/ddnA/project/cekees/whtsao/proteus/proteus/defaults.py", line 237, in load_system
    so = imp.load_source(soModule, os.path.join(path, soModule+".py"))
  File "/ddnA/project/cekees/whtsao/proteus/1.8.1/lib/python3.10/imp.py", line 172, in load_source
    module = _load(spec)
  File "<frozen importlib._bootstrap>", line 719, in _load
    module = _load(spec)
  File "<frozen importlib._bootstrap>", line 719, in _load
    module = _load(spec)
  File "<frozen importlib._bootstrap>", line 719, in _load
    module = _load(spec)
  File "<frozen importlib._bootstrap>", line 719, in _load
    module = _load(spec)
  File "<frozen importlib._bootstrap>", line 719, in _load
    so = proteus.defaults.load_system(args[0][:-3])
  File "/ddnA/project/cekees/whtsao/proteus/proteus/defaults.py", line 237, in load_system
    module = _load(spec)
  File "<frozen importlib._bootstrap>", line 719, in _load
    so = imp.load_source(soModule, os.path.join(path, soModule+".py"))
  File "/ddnA/project/cekees/whtsao/proteus/1.8.1/lib/python3.10/imp.py", line 172, in load_source
    exec(compile(f.read(), __file__, 'exec'))
  File "/ddnA/project/cekees/whtsao/proteus/scripts/parun", line 413, in <module>
    module = _load(spec)
  File "<frozen importlib._bootstrap>", line 719, in _load
    exec(compile(f.read(), __file__, 'exec'))
  File "/ddnA/project/cekees/whtsao/proteus/scripts/parun", line 413, in <module>
    exec(compile(f.read(), __file__, 'exec'))
  File "/ddnA/project/cekees/whtsao/proteus/scripts/parun", line 413, in <module>
    so = imp.load_source(soModule, os.path.join(path, soModule+".py"))
  File "/ddnA/project/cekees/whtsao/proteus/1.8.1/lib/python3.10/imp.py", line 172, in load_source
    module = _load(spec)
  File "<frozen importlib._bootstrap>", line 719, in _load
    so = proteus.defaults.load_system(args[0][:-3])
  File "/ddnA/project/cekees/whtsao/proteus/proteus/defaults.py", line 237, in load_system
    so = proteus.defaults.load_system(args[0][:-3])
  File "/ddnA/project/cekees/whtsao/proteus/proteus/defaults.py", line 237, in load_system
    module = _load(spec)
  File "<frozen importlib._bootstrap>", line 719, in _load
    exec(compile(f.read(), __file__, 'exec'))
  File "/ddnA/project/cekees/whtsao/proteus/scripts/parun", line 413, in <module>
    so = imp.load_source(soModule, os.path.join(path, soModule+".py"))
  File "/ddnA/project/cekees/whtsao/proteus/1.8.1/lib/python3.10/imp.py", line 172, in load_source
    so = proteus.defaults.load_system(args[0][:-3])
  File "/ddnA/project/cekees/whtsao/proteus/proteus/defaults.py", line 237, in load_system
    exec(compile(f.read(), __file__, 'exec'))
  File "/ddnA/project/cekees/whtsao/proteus/scripts/parun", line 413, in <module>
    so = imp.load_source(soModule, os.path.join(path, soModule+".py"))
  File "/ddnA/project/cekees/whtsao/proteus/1.8.1/lib/python3.10/imp.py", line 172, in load_source
    exec(compile(f.read(), __file__, 'exec'))
  File "/ddnA/project/cekees/whtsao/proteus/scripts/parun", line 413, in <module>
    exec(compile(f.read(), __file__, 'exec'))
  File "/ddnA/project/cekees/whtsao/proteus/scripts/parun", line 413, in <module>
    exec(compile(f.read(), __file__, 'exec'))
  File "/ddnA/project/cekees/whtsao/proteus/scripts/parun", line 413, in <module>
    exec(compile(f.read(), __file__, 'exec'))
  File "/ddnA/project/cekees/whtsao/proteus/scripts/parun", line 413, in <module>
    exec(compile(f.read(), __file__, 'exec'))
  File "/ddnA/project/cekees/whtsao/proteus/scripts/parun", line 413, in <module>
    exec(compile(f.read(), __file__, 'exec'))
  File "/ddnA/project/cekees/whtsao/proteus/scripts/parun", line 413, in <module>
    exec(compile(f.read(), __file__, 'exec'))
  File "/ddnA/project/cekees/whtsao/proteus/scripts/parun", line 413, in <module>
    exec(compile(f.read(), __file__, 'exec'))
  File "/ddnA/project/cekees/whtsao/proteus/scripts/parun", line 413, in <module>
    module = _load(spec)
  File "<frozen importlib._bootstrap>", line 719, in _load
    exec(compile(f.read(), __file__, 'exec'))
  File "/ddnA/project/cekees/whtsao/proteus/scripts/parun", line 413, in <module>
    exec(compile(f.read(), __file__, 'exec'))
  File "/ddnA/project/cekees/whtsao/proteus/scripts/parun", line 413, in <module>
    exec(compile(f.read(), __file__, 'exec'))
  File "/ddnA/project/cekees/whtsao/proteus/scripts/parun", line 413, in <module>
    exec(compile(f.read(), __file__, 'exec'))
  File "/ddnA/project/cekees/whtsao/proteus/scripts/parun", line 413, in <module>
    exec(compile(f.read(), __file__, 'exec'))
  File "/ddnA/project/cekees/whtsao/proteus/scripts/parun", line 413, in <module>
    exec(compile(f.read(), __file__, 'exec'))
  File "/ddnA/project/cekees/whtsao/proteus/scripts/parun", line 413, in <module>
    exec(compile(f.read(), __file__, 'exec'))
  File "/ddnA/project/cekees/whtsao/proteus/scripts/parun", line 413, in <module>
    exec(compile(f.read(), __file__, 'exec'))
  File "/ddnA/project/cekees/whtsao/proteus/scripts/parun", line 413, in <module>
    exec(compile(f.read(), __file__, 'exec'))
  File "/ddnA/project/cekees/whtsao/proteus/scripts/parun", line 413, in <module>
    exec(compile(f.read(), __file__, 'exec'))
  File "/ddnA/project/cekees/whtsao/proteus/scripts/parun", line 413, in <module>
    exec(compile(f.read(), __file__, 'exec'))
  File "/ddnA/project/cekees/whtsao/proteus/scripts/parun", line 413, in <module>
    exec(compile(f.read(), __file__, 'exec'))
  File "/ddnA/project/cekees/whtsao/proteus/scripts/parun", line 413, in <module>
    exec(compile(f.read(), __file__, 'exec'))
  File "/ddnA/project/cekees/whtsao/proteus/scripts/parun", line 413, in <module>
    so = proteus.defaults.load_system(args[0][:-3])
  File "/ddnA/project/cekees/whtsao/proteus/proteus/defaults.py", line 237, in load_system
    so = proteus.defaults.load_system(args[0][:-3])
  File "/ddnA/project/cekees/whtsao/proteus/proteus/defaults.py", line 237, in load_system
    exec(compile(f.read(), __file__, 'exec'))
  File "/ddnA/project/cekees/whtsao/proteus/scripts/parun", line 413, in <module>
    exec(compile(f.read(), __file__, 'exec'))
  File "/ddnA/project/cekees/whtsao/proteus/scripts/parun", line 413, in <module>
    exec(compile(f.read(), __file__, 'exec'))
  File "/ddnA/project/cekees/whtsao/proteus/scripts/parun", line 413, in <module>
    exec(compile(f.read(), __file__, 'exec'))
  File "/ddnA/project/cekees/whtsao/proteus/scripts/parun", line 413, in <module>
    so = imp.load_source(soModule, os.path.join(path, soModule+".py"))
  File "/ddnA/project/cekees/whtsao/proteus/1.8.1/lib/python3.10/imp.py", line 172, in load_source
    exec(compile(f.read(), __file__, 'exec'))
  File "/ddnA/project/cekees/whtsao/proteus/scripts/parun", line 413, in <module>
    exec(compile(f.read(), __file__, 'exec'))
  File "/ddnA/project/cekees/whtsao/proteus/scripts/parun", line 413, in <module>
    exec(compile(f.read(), __file__, 'exec'))
  File "/ddnA/project/cekees/whtsao/proteus/scripts/parun", line 413, in <module>
    exec(compile(f.read(), __file__, 'exec'))
  File "/ddnA/project/cekees/whtsao/proteus/scripts/parun", line 413, in <module>
    exec(compile(f.read(), __file__, 'exec'))
  File "/ddnA/project/cekees/whtsao/proteus/scripts/parun", line 413, in <module>
    exec(compile(f.read(), __file__, 'exec'))
  File "/ddnA/project/cekees/whtsao/proteus/scripts/parun", line 413, in <module>
    exec(compile(f.read(), __file__, 'exec'))
  File "/ddnA/project/cekees/whtsao/proteus/scripts/parun", line 413, in <module>
    exec(compile(f.read(), __file__, 'exec'))
  File "/ddnA/project/cekees/whtsao/proteus/scripts/parun", line 413, in <module>
    so = imp.load_source(soModule, os.path.join(path, soModule+".py"))
  File "/ddnA/project/cekees/whtsao/proteus/1.8.1/lib/python3.10/imp.py", line 172, in load_source
    so = proteus.defaults.load_system(args[0][:-3])
  File "/ddnA/project/cekees/whtsao/proteus/proteus/defaults.py", line 237, in load_system
    module = _load(spec)
  File "<frozen importlib._bootstrap>", line 719, in _load
    so = proteus.defaults.load_system(args[0][:-3])
  File "/ddnA/project/cekees/whtsao/proteus/proteus/defaults.py", line 237, in load_system
    so = proteus.defaults.load_system(args[0][:-3])
  File "/ddnA/project/cekees/whtsao/proteus/proteus/defaults.py", line 237, in load_system
    so = proteus.defaults.load_system(args[0][:-3])
  File "/ddnA/project/cekees/whtsao/proteus/proteus/defaults.py", line 237, in load_system
    so = proteus.defaults.load_system(args[0][:-3])
  File "/ddnA/project/cekees/whtsao/proteus/proteus/defaults.py", line 237, in load_system
    so = proteus.defaults.load_system(args[0][:-3])
  File "/ddnA/project/cekees/whtsao/proteus/proteus/defaults.py", line 237, in load_system
    so = proteus.defaults.load_system(args[0][:-3])
  File "/ddnA/project/cekees/whtsao/proteus/proteus/defaults.py", line 237, in load_system
    so = proteus.defaults.load_system(args[0][:-3])
  File "/ddnA/project/cekees/whtsao/proteus/proteus/defaults.py", line 237, in load_system
    so = proteus.defaults.load_system(args[0][:-3])
  File "/ddnA/project/cekees/whtsao/proteus/proteus/defaults.py", line 237, in load_system
    so = proteus.defaults.load_system(args[0][:-3])
  File "/ddnA/project/cekees/whtsao/proteus/proteus/defaults.py", line 237, in load_system
    so = proteus.defaults.load_system(args[0][:-3])
  File "/ddnA/project/cekees/whtsao/proteus/proteus/defaults.py", line 237, in load_system
    so = proteus.defaults.load_system(args[0][:-3])
  File "/ddnA/project/cekees/whtsao/proteus/proteus/defaults.py", line 237, in load_system
    so = proteus.defaults.load_system(args[0][:-3])
  File "/ddnA/project/cekees/whtsao/proteus/proteus/defaults.py", line 237, in load_system
    so = proteus.defaults.load_system(args[0][:-3])
  File "/ddnA/project/cekees/whtsao/proteus/proteus/defaults.py", line 237, in load_system
    so = proteus.defaults.load_system(args[0][:-3])
  File "/ddnA/project/cekees/whtsao/proteus/proteus/defaults.py", line 237, in load_system
    so = proteus.defaults.load_system(args[0][:-3])
  File "/ddnA/project/cekees/whtsao/proteus/proteus/defaults.py", line 237, in load_system
    module = _load(spec)
  File "<frozen importlib._bootstrap>", line 719, in _load
    so = imp.load_source(soModule, os.path.join(path, soModule+".py"))
  File "/ddnA/project/cekees/whtsao/proteus/1.8.1/lib/python3.10/imp.py", line 172, in load_source
    module = _load(spec)
  File "<frozen importlib._bootstrap>", line 719, in _load
    so = proteus.defaults.load_system(args[0][:-3])
  File "/ddnA/project/cekees/whtsao/proteus/proteus/defaults.py", line 237, in load_system
    so = proteus.defaults.load_system(args[0][:-3])
  File "/ddnA/project/cekees/whtsao/proteus/proteus/defaults.py", line 237, in load_system
    so = imp.load_source(soModule, os.path.join(path, soModule+".py"))
  File "/ddnA/project/cekees/whtsao/proteus/1.8.1/lib/python3.10/imp.py", line 172, in load_source
    so = imp.load_source(soModule, os.path.join(path, soModule+".py"))
  File "/ddnA/project/cekees/whtsao/proteus/1.8.1/lib/python3.10/imp.py", line 172, in load_source
    module = _load(spec)
  File "<frozen importlib._bootstrap>", line 719, in _load
    so = proteus.defaults.load_system(args[0][:-3])
  File "/ddnA/project/cekees/whtsao/proteus/proteus/defaults.py", line 237, in load_system
    so = imp.load_source(soModule, os.path.join(path, soModule+".py"))
  File "/ddnA/project/cekees/whtsao/proteus/1.8.1/lib/python3.10/imp.py", line 172, in load_source
    so = imp.load_source(soModule, os.path.join(path, soModule+".py"))
  File "/ddnA/project/cekees/whtsao/proteus/1.8.1/lib/python3.10/imp.py", line 172, in load_source
    module = _load(spec)
    so = imp.load_source(soModule, os.path.join(path, soModule+".py"))
  File "/ddnA/project/cekees/whtsao/proteus/1.8.1/lib/python3.10/imp.py", line 172, in load_source
    so = proteus.defaults.load_system(args[0][:-3])
  File "/ddnA/project/cekees/whtsao/proteus/proteus/defaults.py", line 237, in load_system
    so = proteus.defaults.load_system(args[0][:-3])
  File "/ddnA/project/cekees/whtsao/proteus/proteus/defaults.py", line 237, in load_system
    so = proteus.defaults.load_system(args[0][:-3])
  File "/ddnA/project/cekees/whtsao/proteus/proteus/defaults.py", line 237, in load_system
    so = proteus.defaults.load_system(args[0][:-3])
  File "/ddnA/project/cekees/whtsao/proteus/proteus/defaults.py", line 237, in load_system
    so = imp.load_source(soModule, os.path.join(path, soModule+".py"))
  File "/ddnA/project/cekees/whtsao/proteus/1.8.1/lib/python3.10/imp.py", line 172, in load_source
    module = _load(spec)
    so = proteus.defaults.load_system(args[0][:-3])
  File "/ddnA/project/cekees/whtsao/proteus/proteus/defaults.py", line 237, in load_system
    so = proteus.defaults.load_system(args[0][:-3])
  File "/ddnA/project/cekees/whtsao/proteus/proteus/defaults.py", line 237, in load_system
    so = imp.load_source(soModule, os.path.join(path, soModule+".py"))
  File "/ddnA/project/cekees/whtsao/proteus/1.8.1/lib/python3.10/imp.py", line 172, in load_source
    so = imp.load_source(soModule, os.path.join(path, soModule+".py"))
  File "/ddnA/project/cekees/whtsao/proteus/1.8.1/lib/python3.10/imp.py", line 172, in load_source
    module = _load(spec)
  File "<frozen importlib._bootstrap>", line 719, in _load
    so = imp.load_source(soModule, os.path.join(path, soModule+".py"))
  File "/ddnA/project/cekees/whtsao/proteus/1.8.1/lib/python3.10/imp.py", line 172, in load_source
    so = imp.load_source(soModule, os.path.join(path, soModule+".py"))
  File "/ddnA/project/cekees/whtsao/proteus/1.8.1/lib/python3.10/imp.py", line 172, in load_source
    module = _load(spec)
    module = _load(spec)
  File "<frozen importlib._bootstrap>", line 719, in _load
    so = imp.load_source(soModule, os.path.join(path, soModule+".py"))
  File "/ddnA/project/cekees/whtsao/proteus/1.8.1/lib/python3.10/imp.py", line 172, in load_source
    module = _load(spec)
  File "<frozen importlib._bootstrap>", line 719, in _load
    so = imp.load_source(soModule, os.path.join(path, soModule+".py"))
  File "/ddnA/project/cekees/whtsao/proteus/1.8.1/lib/python3.10/imp.py", line 172, in load_source
    so = imp.load_source(soModule, os.path.join(path, soModule+".py"))
  File "/ddnA/project/cekees/whtsao/proteus/1.8.1/lib/python3.10/imp.py", line 172, in load_source
    module = _load(spec)
  File "<frozen importlib._bootstrap>", line 719, in _load
    so = proteus.defaults.load_system(args[0][:-3])
  File "/ddnA/project/cekees/whtsao/proteus/proteus/defaults.py", line 237, in load_system
    so = imp.load_source(soModule, os.path.join(path, soModule+".py"))
  File "/ddnA/project/cekees/whtsao/proteus/1.8.1/lib/python3.10/imp.py", line 172, in load_source
    so = imp.load_source(soModule, os.path.join(path, soModule+".py"))
  File "/ddnA/project/cekees/whtsao/proteus/1.8.1/lib/python3.10/imp.py", line 172, in load_source
    so = imp.load_source(soModule, os.path.join(path, soModule+".py"))
  File "/ddnA/project/cekees/whtsao/proteus/1.8.1/lib/python3.10/imp.py", line 172, in load_source
    module = _load(spec)
  File "<frozen importlib._bootstrap>", line 719, in _load
    so = imp.load_source(soModule, os.path.join(path, soModule+".py"))
  File "/ddnA/project/cekees/whtsao/proteus/1.8.1/lib/python3.10/imp.py", line 172, in load_source
    module = _load(spec)
  File "<frozen importlib._bootstrap>", line 719, in _load
    so = imp.load_source(soModule, os.path.join(path, soModule+".py"))
  File "/ddnA/project/cekees/whtsao/proteus/1.8.1/lib/python3.10/imp.py", line 172, in load_source
    so = imp.load_source(soModule, os.path.join(path, soModule+".py"))
  File "/ddnA/project/cekees/whtsao/proteus/1.8.1/lib/python3.10/imp.py", line 172, in load_source
    so = proteus.defaults.load_system(args[0][:-3])
  File "/ddnA/project/cekees/whtsao/proteus/proteus/defaults.py", line 237, in load_system
    so = imp.load_source(soModule, os.path.join(path, soModule+".py"))
  File "/ddnA/project/cekees/whtsao/proteus/1.8.1/lib/python3.10/imp.py", line 172, in load_source
    so = proteus.defaults.load_system(args[0][:-3])
  File "/ddnA/project/cekees/whtsao/proteus/proteus/defaults.py", line 237, in load_system
    so = imp.load_source(soModule, os.path.join(path, soModule+".py"))
  File "/ddnA/project/cekees/whtsao/proteus/1.8.1/lib/python3.10/imp.py", line 172, in load_source
    so = proteus.defaults.load_system(args[0][:-3])
  File "/ddnA/project/cekees/whtsao/proteus/proteus/defaults.py", line 237, in load_system
    so = imp.load_source(soModule, os.path.join(path, soModule+".py"))
  File "/ddnA/project/cekees/whtsao/proteus/1.8.1/lib/python3.10/imp.py", line 172, in load_source
    so = proteus.defaults.load_system(args[0][:-3])
  File "/ddnA/project/cekees/whtsao/proteus/proteus/defaults.py", line 237, in load_system
    so = imp.load_source(soModule, os.path.join(path, soModule+".py"))
  File "/ddnA/project/cekees/whtsao/proteus/1.8.1/lib/python3.10/imp.py", line 172, in load_source
    so = imp.load_source(soModule, os.path.join(path, soModule+".py"))
  File "/ddnA/project/cekees/whtsao/proteus/1.8.1/lib/python3.10/imp.py", line 172, in load_source
    module = _load(spec)
  File "<frozen importlib._bootstrap>", line 719, in _load
    so = proteus.defaults.load_system(args[0][:-3])
  File "/ddnA/project/cekees/whtsao/proteus/proteus/defaults.py", line 237, in load_system
    so = imp.load_source(soModule, os.path.join(path, soModule+".py"))
  File "/ddnA/project/cekees/whtsao/proteus/1.8.1/lib/python3.10/imp.py", line 172, in load_source
    so = proteus.defaults.load_system(args[0][:-3])
  File "/ddnA/project/cekees/whtsao/proteus/proteus/defaults.py", line 237, in load_system
    so = imp.load_source(soModule, os.path.join(path, soModule+".py"))
  File "/ddnA/project/cekees/whtsao/proteus/1.8.1/lib/python3.10/imp.py", line 172, in load_source
  File "<frozen importlib._bootstrap>", line 719, in _load
    so = proteus.defaults.load_system(args[0][:-3])
  File "/ddnA/project/cekees/whtsao/proteus/proteus/defaults.py", line 237, in load_system
    so = imp.load_source(soModule, os.path.join(path, soModule+".py"))
  File "/ddnA/project/cekees/whtsao/proteus/1.8.1/lib/python3.10/imp.py", line 172, in load_source
    module = _load(spec)
  File "<frozen importlib._bootstrap>", line 719, in _load
    module = _load(spec)
  File "<frozen importlib._bootstrap>", line 719, in _load
    so = imp.load_source(soModule, os.path.join(path, soModule+".py"))
  File "/ddnA/project/cekees/whtsao/proteus/1.8.1/lib/python3.10/imp.py", line 172, in load_source
    so = imp.load_source(soModule, os.path.join(path, soModule+".py"))
  File "/ddnA/project/cekees/whtsao/proteus/1.8.1/lib/python3.10/imp.py", line 172, in load_source
    module = _load(spec)
  File "<frozen importlib._bootstrap>", line 719, in _load
    so = imp.load_source(soModule, os.path.join(path, soModule+".py"))
  File "/ddnA/project/cekees/whtsao/proteus/1.8.1/lib/python3.10/imp.py", line 172, in load_source
    so = imp.load_source(soModule, os.path.join(path, soModule+".py"))
  File "/ddnA/project/cekees/whtsao/proteus/1.8.1/lib/python3.10/imp.py", line 172, in load_source
  File "<frozen importlib._bootstrap>", line 719, in _load
    so = imp.load_source(soModule, os.path.join(path, soModule+".py"))
  File "/ddnA/project/cekees/whtsao/proteus/1.8.1/lib/python3.10/imp.py", line 172, in load_source
    so = imp.load_source(soModule, os.path.join(path, soModule+".py"))
  File "/ddnA/project/cekees/whtsao/proteus/1.8.1/lib/python3.10/imp.py", line 172, in load_source
    module = _load(spec)
  File "<frozen importlib._bootstrap>", line 719, in _load
    module = _load(spec)
  File "<frozen importlib._bootstrap>", line 719, in _load
  File "<frozen importlib._bootstrap>", line 719, in _load
    module = _load(spec)
  File "<frozen importlib._bootstrap>", line 719, in _load
    module = _load(spec)
  File "<frozen importlib._bootstrap>", line 719, in _load
    module = _load(spec)
  File "<frozen importlib._bootstrap>", line 719, in _load
    module = _load(spec)
  File "<frozen importlib._bootstrap>", line 719, in _load
    module = _load(spec)
  File "<frozen importlib._bootstrap>", line 719, in _load
    module = _load(spec)
  File "<frozen importlib._bootstrap>", line 719, in _load
    module = _load(spec)
  File "<frozen importlib._bootstrap>", line 719, in _load
    module = _load(spec)
  File "<frozen importlib._bootstrap>", line 719, in _load
    module = _load(spec)
  File "<frozen importlib._bootstrap>", line 719, in _load
  File "<frozen importlib._bootstrap>", line 688, in _load_unlocked
    module = _load(spec)
  File "<frozen importlib._bootstrap>", line 719, in _load
    module = _load(spec)
  File "<frozen importlib._bootstrap>", line 719, in _load
    module = _load(spec)
  File "<frozen importlib._bootstrap>", line 719, in _load
    module = _load(spec)
  File "<frozen importlib._bootstrap>", line 719, in _load
    module = _load(spec)
  File "<frozen importlib._bootstrap>", line 719, in _load
    module = _load(spec)
  File "<frozen importlib._bootstrap>", line 719, in _load
    module = _load(spec)
  File "<frozen importlib._bootstrap>", line 719, in _load
    module = _load(spec)
  File "<frozen importlib._bootstrap>", line 719, in _load
    module = _load(spec)
  File "<frozen importlib._bootstrap>", line 719, in _load
  File "<frozen importlib._bootstrap>", line 688, in _load_unlocked
  File "<frozen importlib._bootstrap>", line 688, in _load_unlocked
  File "<frozen importlib._bootstrap>", line 688, in _load_unlocked
  File "<frozen importlib._bootstrap>", line 688, in _load_unlocked
  File "<frozen importlib._bootstrap>", line 688, in _load_unlocked
  File "<frozen importlib._bootstrap>", line 688, in _load_unlocked
  File "<frozen importlib._bootstrap>", line 688, in _load_unlocked
  File "<frozen importlib._bootstrap>", line 688, in _load_unlocked
Traceback (most recent call last):
  File "/project/whtsao/proteus/1.8.1/bin/parun", line 7, in <module>
    exec(compile(f.read(), __file__, 'exec'))
  File "/ddnA/project/cekees/whtsao/proteus/scripts/parun", line 413, in <module>
    so = proteus.defaults.load_system(args[0][:-3])
  File "/ddnA/project/cekees/whtsao/proteus/proteus/defaults.py", line 237, in load_system
    so = imp.load_source(soModule, os.path.join(path, soModule+".py"))
  File "/ddnA/project/cekees/whtsao/proteus/1.8.1/lib/python3.10/imp.py", line 172, in load_source
    module = _load(spec)
  File "<frozen importlib._bootstrap>", line 719, in _load
  File "<frozen importlib._bootstrap>", line 688, in _load_unlocked
  File "<frozen importlib._bootstrap>", line 688, in _load_unlocked
  File "<frozen importlib._bootstrap>", line 688, in _load_unlocked
  File "<frozen importlib._bootstrap>", line 688, in _load_unlocked
  File "<frozen importlib._bootstrap>", line 688, in _load_unlocked
  File "<frozen importlib._bootstrap>", line 688, in _load_unlocked
  File "<frozen importlib._bootstrap>", line 688, in _load_unlocked
  File "<frozen importlib._bootstrap>", line 688, in _load_unlocked
  File "<frozen importlib._bootstrap>", line 688, in _load_unlocked
  File "<frozen importlib._bootstrap>", line 688, in _load_unlocked
  File "<frozen importlib._bootstrap>", line 688, in _load_unlocked
  File "<frozen importlib._bootstrap>", line 688, in _load_unlocked
  File "<frozen importlib._bootstrap>", line 688, in _load_unlocked
  File "<frozen importlib._bootstrap>", line 688, in _load_unlocked
  File "<frozen importlib._bootstrap>", line 688, in _load_unlocked
  File "<frozen importlib._bootstrap>", line 688, in _load_unlocked
  File "<frozen importlib._bootstrap>", line 688, in _load_unlocked
  File "<frozen importlib._bootstrap>", line 688, in _load_unlocked
  File "<frozen importlib._bootstrap>", line 688, in _load_unlocked
  File "<frozen importlib._bootstrap>", line 688, in _load_unlocked
  File "<frozen importlib._bootstrap>", line 688, in _load_unlocked
  File "<frozen importlib._bootstrap>", line 688, in _load_unlocked
  File "<frozen importlib._bootstrap>", line 688, in _load_unlocked
  File "<frozen importlib._bootstrap>", line 688, in _load_unlocked
  File "<frozen importlib._bootstrap>", line 688, in _load_unlocked
  File "<frozen importlib._bootstrap>", line 688, in _load_unlocked
  File "<frozen importlib._bootstrap>", line 688, in _load_unlocked
  File "<frozen importlib._bootstrap>", line 688, in _load_unlocked
  File "<frozen importlib._bootstrap>", line 688, in _load_unlocked
  File "<frozen importlib._bootstrap>", line 688, in _load_unlocked
  File "<frozen importlib._bootstrap>", line 688, in _load_unlocked
  File "<frozen importlib._bootstrap>", line 688, in _load_unlocked
  File "<frozen importlib._bootstrap>", line 688, in _load_unlocked
  File "<frozen importlib._bootstrap>", line 688, in _load_unlocked
  File "<frozen importlib._bootstrap>", line 688, in _load_unlocked
  File "<frozen importlib._bootstrap>", line 688, in _load_unlocked
  File "<frozen importlib._bootstrap_external>", line 883, in exec_module
  File "<frozen importlib._bootstrap>", line 688, in _load_unlocked
  File "<frozen importlib._bootstrap>", line 688, in _load_unlocked
  File "<frozen importlib._bootstrap_external>", line 883, in exec_module
  File "<frozen importlib._bootstrap_external>", line 883, in exec_module
  File "<frozen importlib._bootstrap_external>", line 883, in exec_module
  File "<frozen importlib._bootstrap_external>", line 883, in exec_module
  File "<frozen importlib._bootstrap_external>", line 883, in exec_module
  File "<frozen importlib._bootstrap_external>", line 883, in exec_module
  File "<frozen importlib._bootstrap_external>", line 883, in exec_module
  File "<frozen importlib._bootstrap_external>", line 883, in exec_module
  File "<frozen importlib._bootstrap>", line 688, in _load_unlocked
  File "<frozen importlib._bootstrap_external>", line 883, in exec_module
  File "<frozen importlib._bootstrap_external>", line 883, in exec_module
  File "<frozen importlib._bootstrap_external>", line 883, in exec_module
  File "<frozen importlib._bootstrap_external>", line 883, in exec_module
  File "<frozen importlib._bootstrap_external>", line 883, in exec_module
  File "<frozen importlib._bootstrap_external>", line 883, in exec_module
  File "<frozen importlib._bootstrap_external>", line 883, in exec_module
  File "<frozen importlib._bootstrap_external>", line 883, in exec_module
  File "<frozen importlib._bootstrap_external>", line 883, in exec_module
  File "<frozen importlib._bootstrap>", line 241, in _call_with_frames_removed
  File "<frozen importlib._bootstrap_external>", line 883, in exec_module
  File "<frozen importlib._bootstrap>", line 241, in _call_with_frames_removed
  File "<frozen importlib._bootstrap_external>", line 883, in exec_module
  File "<frozen importlib._bootstrap_external>", line 883, in exec_module
  File "<frozen importlib._bootstrap_external>", line 883, in exec_module
  File "<frozen importlib._bootstrap_external>", line 883, in exec_module
  File "<frozen importlib._bootstrap_external>", line 883, in exec_module
  File "<frozen importlib._bootstrap_external>", line 883, in exec_module
  File "<frozen importlib._bootstrap_external>", line 883, in exec_module
  File "<frozen importlib._bootstrap_external>", line 883, in exec_module
  File "<frozen importlib._bootstrap_external>", line 883, in exec_module
  File "<frozen importlib._bootstrap_external>", line 883, in exec_module
  File "<frozen importlib._bootstrap_external>", line 883, in exec_module
  File "<frozen importlib._bootstrap_external>", line 883, in exec_module
  File "<frozen importlib._bootstrap_external>", line 883, in exec_module
  File "<frozen importlib._bootstrap_external>", line 883, in exec_module
  File "<frozen importlib._bootstrap_external>", line 883, in exec_module
  File "<frozen importlib._bootstrap_external>", line 883, in exec_module
  File "<frozen importlib._bootstrap_external>", line 883, in exec_module
  File "<frozen importlib._bootstrap_external>", line 883, in exec_module
  File "<frozen importlib._bootstrap_external>", line 883, in exec_module
  File "<frozen importlib._bootstrap_external>", line 883, in exec_module
  File "<frozen importlib._bootstrap_external>", line 883, in exec_module
  File "<frozen importlib._bootstrap_external>", line 883, in exec_module
  File "<frozen importlib._bootstrap_external>", line 883, in exec_module
  File "<frozen importlib._bootstrap_external>", line 883, in exec_module
  File "<frozen importlib._bootstrap_external>", line 883, in exec_module
  File "<frozen importlib._bootstrap_external>", line 883, in exec_module
  File "<frozen importlib._bootstrap_external>", line 883, in exec_module
  File "<frozen importlib._bootstrap_external>", line 883, in exec_module
  File "<frozen importlib._bootstrap>", line 241, in _call_with_frames_removed
  File "<frozen importlib._bootstrap>", line 241, in _call_with_frames_removed
  File "<frozen importlib._bootstrap>", line 241, in _call_with_frames_removed
  File "<frozen importlib._bootstrap>", line 241, in _call_with_frames_removed
  File "<frozen importlib._bootstrap>", line 241, in _call_with_frames_removed
  File "<frozen importlib._bootstrap>", line 241, in _call_with_frames_removed
  File "<frozen importlib._bootstrap>", line 241, in _call_with_frames_removed
  File "<frozen importlib._bootstrap>", line 241, in _call_with_frames_removed
  File "<frozen importlib._bootstrap>", line 241, in _call_with_frames_removed
  File "<frozen importlib._bootstrap>", line 241, in _call_with_frames_removed
  File "./2_floating_bodies.py", line 358, in <module>
    outputStepping = TpFlow.OutputStepping(
TypeError: OutputStepping.__init__() got an unexpected keyword argument 'final_time'
  File "<frozen importlib._bootstrap>", line 241, in _call_with_frames_removed
  File "<frozen importlib._bootstrap_external>", line 883, in exec_module
  File "<frozen importlib._bootstrap>", line 241, in _call_with_frames_removed
  File "<frozen importlib._bootstrap>", line 241, in _call_with_frames_removed
  File "<frozen importlib._bootstrap>", line 241, in _call_with_frames_removed
  File "<frozen importlib._bootstrap>", line 241, in _call_with_frames_removed
  File "<frozen importlib._bootstrap>", line 241, in _call_with_frames_removed
  File "<frozen importlib._bootstrap>", line 241, in _call_with_frames_removed
  File "<frozen importlib._bootstrap>", line 241, in _call_with_frames_removed
  File "<frozen importlib._bootstrap>", line 241, in _call_with_frames_removed
  File "<frozen importlib._bootstrap>", line 241, in _call_with_frames_removed
  File "<frozen importlib._bootstrap>", line 241, in _call_with_frames_removed
  File "<frozen importlib._bootstrap>", line 241, in _call_with_frames_removed
  File "<frozen importlib._bootstrap>", line 241, in _call_with_frames_removed
  File "<frozen importlib._bootstrap>", line 241, in _call_with_frames_removed
  File "<frozen importlib._bootstrap>", line 241, in _call_with_frames_removed
  File "./2_floating_bodies.py", line 358, in <module>
  File "<frozen importlib._bootstrap>", line 241, in _call_with_frames_removed
  File "<frozen importlib._bootstrap>", line 241, in _call_with_frames_removed
    outputStepping = TpFlow.OutputStepping(
TypeError: OutputStepping.__init__() got an unexpected keyword argument 'final_time'
  File "<frozen importlib._bootstrap>", line 241, in _call_with_frames_removed
  File "<frozen importlib._bootstrap>", line 241, in _call_with_frames_removed
  File "<frozen importlib._bootstrap>", line 241, in _call_with_frames_removed
  File "<frozen importlib._bootstrap>", line 241, in _call_with_frames_removed
  File "<frozen importlib._bootstrap>", line 241, in _call_with_frames_removed
  File "./2_floating_bodies.py", line 358, in <module>
  File "<frozen importlib._bootstrap>", line 241, in _call_with_frames_removed
  File "<frozen importlib._bootstrap>", line 241, in _call_with_frames_removed
    outputStepping = TpFlow.OutputStepping(
TypeError: OutputStepping.__init__() got an unexpected keyword argument 'final_time'
  File "<frozen importlib._bootstrap>", line 241, in _call_with_frames_removed
  File "<frozen importlib._bootstrap>", line 241, in _call_with_frames_removed
  File "<frozen importlib._bootstrap>", line 241, in _call_with_frames_removed
  File "<frozen importlib._bootstrap>", line 241, in _call_with_frames_removed
  File "./2_floating_bodies.py", line 358, in <module>
  File "<frozen importlib._bootstrap>", line 241, in _call_with_frames_removed
    outputStepping = TpFlow.OutputStepping(
TypeError: OutputStepping.__init__() got an unexpected keyword argument 'final_time'
  File "<frozen importlib._bootstrap>", line 241, in _call_with_frames_removed
  File "<frozen importlib._bootstrap>", line 241, in _call_with_frames_removed
  File "<frozen importlib._bootstrap>", line 241, in _call_with_frames_removed
  File "<frozen importlib._bootstrap>", line 241, in _call_with_frames_removed
  File "<frozen importlib._bootstrap>", line 241, in _call_with_frames_removed
  File "<frozen importlib._bootstrap>", line 241, in _call_with_frames_removed
  File "./2_floating_bodies.py", line 358, in <module>
    outputStepping = TpFlow.OutputStepping(
TypeError: OutputStepping.__init__() got an unexpected keyword argument 'final_time'
  File "./2_floating_bodies.py", line 358, in <module>
  File "./2_floating_bodies.py", line 358, in <module>
    outputStepping = TpFlow.OutputStepping(
TypeError: OutputStepping.__init__() got an unexpected keyword argument 'final_time'
    outputStepping = TpFlow.OutputStepping(
TypeError: OutputStepping.__init__() got an unexpected keyword argument 'final_time'
  File "./2_floating_bodies.py", line 358, in <module>
  File "./2_floating_bodies.py", line 358, in <module>
  File "./2_floating_bodies.py", line 358, in <module>
    outputStepping = TpFlow.OutputStepping(
TypeError: OutputStepping.__init__() got an unexpected keyword argument 'final_time'
    outputStepping = TpFlow.OutputStepping(
TypeError: OutputStepping.__init__() got an unexpected keyword argument 'final_time'
    outputStepping = TpFlow.OutputStepping(
TypeError: OutputStepping.__init__() got an unexpected keyword argument 'final_time'
  File "./2_floating_bodies.py", line 358, in <module>
  File "./2_floating_bodies.py", line 358, in <module>
  File "./2_floating_bodies.py", line 358, in <module>
    outputStepping = TpFlow.OutputStepping(
TypeError: OutputStepping.__init__() got an unexpected keyword argument 'final_time'
    outputStepping = TpFlow.OutputStepping(
TypeError: OutputStepping.__init__() got an unexpected keyword argument 'final_time'
  File "./2_floating_bodies.py", line 358, in <module>
  File "<frozen importlib._bootstrap>", line 241, in _call_with_frames_removed
    outputStepping = TpFlow.OutputStepping(
TypeError: OutputStepping.__init__() got an unexpected keyword argument 'final_time'
    outputStepping = TpFlow.OutputStepping(
TypeError: OutputStepping.__init__() got an unexpected keyword argument 'final_time'
  File "./2_floating_bodies.py", line 358, in <module>
  File "./2_floating_bodies.py", line 358, in <module>
    outputStepping = TpFlow.OutputStepping(
  File "./2_floating_bodies.py", line 358, in <module>
TypeError: OutputStepping.__init__() got an unexpected keyword argument 'final_time'
    outputStepping = TpFlow.OutputStepping(
TypeError: OutputStepping.__init__() got an unexpected keyword argument 'final_time'
    outputStepping = TpFlow.OutputStepping(
TypeError: OutputStepping.__init__() got an unexpected keyword argument 'final_time'
  File "./2_floating_bodies.py", line 358, in <module>
    outputStepping = TpFlow.OutputStepping(
TypeError: OutputStepping.__init__() got an unexpected keyword argument 'final_time'
  File "./2_floating_bodies.py", line 358, in <module>
  File "./2_floating_bodies.py", line 358, in <module>
  File "./2_floating_bodies.py", line 358, in <module>
    outputStepping = TpFlow.OutputStepping(
TypeError: OutputStepping.__init__() got an unexpected keyword argument 'final_time'
    outputStepping = TpFlow.OutputStepping(
TypeError: OutputStepping.__init__() got an unexpected keyword argument 'final_time'
  File "./2_floating_bodies.py", line 358, in <module>
  File "./2_floating_bodies.py", line 358, in <module>
    outputStepping = TpFlow.OutputStepping(
TypeError: OutputStepping.__init__() got an unexpected keyword argument 'final_time'
  File "./2_floating_bodies.py", line 358, in <module>
    outputStepping = TpFlow.OutputStepping(
TypeError: OutputStepping.__init__() got an unexpected keyword argument 'final_time'
    outputStepping = TpFlow.OutputStepping(
TypeError: OutputStepping.__init__() got an unexpected keyword argument 'final_time'
  File "./2_floating_bodies.py", line 358, in <module>
    outputStepping = TpFlow.OutputStepping(
TypeError: OutputStepping.__init__() got an unexpected keyword argument 'final_time'
  File "./2_floating_bodies.py", line 358, in <module>
  File "./2_floating_bodies.py", line 358, in <module>
    outputStepping = TpFlow.OutputStepping(
TypeError: OutputStepping.__init__() got an unexpected keyword argument 'final_time'
    outputStepping = TpFlow.OutputStepping(
TypeError: OutputStepping.__init__() got an unexpected keyword argument 'final_time'
    outputStepping = TpFlow.OutputStepping(
TypeError: OutputStepping.__init__() got an unexpected keyword argument 'final_time'
  File "./2_floating_bodies.py", line 358, in <module>
  File "./2_floating_bodies.py", line 358, in <module>
  File "./2_floating_bodies.py", line 358, in <module>
    outputStepping = TpFlow.OutputStepping(
TypeError: OutputStepping.__init__() got an unexpected keyword argument 'final_time'
    outputStepping = TpFlow.OutputStepping(
TypeError: OutputStepping.__init__() got an unexpected keyword argument 'final_time'
    outputStepping = TpFlow.OutputStepping(
TypeError: OutputStepping.__init__() got an unexpected keyword argument 'final_time'
  File "./2_floating_bodies.py", line 358, in <module>
  File "./2_floating_bodies.py", line 358, in <module>
  File "./2_floating_bodies.py", line 358, in <module>
    outputStepping = TpFlow.OutputStepping(
TypeError: OutputStepping.__init__() got an unexpected keyword argument 'final_time'
  File "./2_floating_bodies.py", line 358, in <module>
    outputStepping = TpFlow.OutputStepping(
TypeError: OutputStepping.__init__() got an unexpected keyword argument 'final_time'
  File "./2_floating_bodies.py", line 358, in <module>
  File "./2_floating_bodies.py", line 358, in <module>
    outputStepping = TpFlow.OutputStepping(
TypeError: OutputStepping.__init__() got an unexpected keyword argument 'final_time'
  File "./2_floating_bodies.py", line 358, in <module>
    outputStepping = TpFlow.OutputStepping(
TypeError: OutputStepping.__init__() got an unexpected keyword argument 'final_time'
  File "./2_floating_bodies.py", line 358, in <module>
    outputStepping = TpFlow.OutputStepping(
TypeError: OutputStepping.__init__() got an unexpected keyword argument 'final_time'
    outputStepping = TpFlow.OutputStepping(
TypeError: OutputStepping.__init__() got an unexpected keyword argument 'final_time'
  File "./2_floating_bodies.py", line 358, in <module>
    outputStepping = TpFlow.OutputStepping(
TypeError: OutputStepping.__init__() got an unexpected keyword argument 'final_time'
  File "./2_floating_bodies.py", line 358, in <module>
    outputStepping = TpFlow.OutputStepping(
TypeError: OutputStepping.__init__() got an unexpected keyword argument 'final_time'
  File "./2_floating_bodies.py", line 358, in <module>
    outputStepping = TpFlow.OutputStepping(
    outputStepping = TpFlow.OutputStepping(
TypeError: OutputStepping.__init__() got an unexpected keyword argument 'final_time'
TypeError: OutputStepping.__init__() got an unexpected keyword argument 'final_time'
    outputStepping = TpFlow.OutputStepping(
TypeError: OutputStepping.__init__() got an unexpected keyword argument 'final_time'
  File "./2_floating_bodies.py", line 358, in <module>
  File "./2_floating_bodies.py", line 358, in <module>
  File "./2_floating_bodies.py", line 358, in <module>
  File "./2_floating_bodies.py", line 358, in <module>
  File "./2_floating_bodies.py", line 358, in <module>
    outputStepping = TpFlow.OutputStepping(
TypeError: OutputStepping.__init__() got an unexpected keyword argument 'final_time'
  File "./2_floating_bodies.py", line 358, in <module>
    outputStepping = TpFlow.OutputStepping(
    outputStepping = TpFlow.OutputStepping(
TypeError: OutputStepping.__init__() got an unexpected keyword argument 'final_time'
    outputStepping = TpFlow.OutputStepping(
TypeError: OutputStepping.__init__() got an unexpected keyword argument 'final_time'
TypeError: OutputStepping.__init__() got an unexpected keyword argument 'final_time'
  File "./2_floating_bodies.py", line 358, in <module>
    outputStepping = TpFlow.OutputStepping(
TypeError: OutputStepping.__init__() got an unexpected keyword argument 'final_time'
    outputStepping = TpFlow.OutputStepping(
TypeError: OutputStepping.__init__() got an unexpected keyword argument 'final_time'
    outputStepping = TpFlow.OutputStepping(
TypeError: OutputStepping.__init__() got an unexpected keyword argument 'final_time'
srun: error: qbc040: tasks 0-47: Exited with exit code 1
