Wed Mar 29 14:29:39 CDT 2023
# Wave

# Printing input data here to check

# Height/Depth: 0.097
# Dimensionless Period T*sqrt(g/d):   3.80
# Current criterion: Euler,  Dimensionless value: 0.000

# Solution by 8-term Fourier series


Height step  1 of  1

Iteration  1: Mean of corrections to free surface:  7.5e-03
Iteration  2: Mean of corrections to free surface:  1.5e-04
Iteration  3: Mean of corrections to free surface:  8.2e-08
Iteration  4: Mean of corrections to free surface:  1.3e-10

# Solution summary:

# Wave

# Solution by 8-term Fourier series

# Height/Depth: 0.097,  30% of the maximum of H/d = 0.323 for this length:
# Length/Depth:   2.32
# Dimensionless Period T*sqrt(g/d):   3.80
# Current criterion: Euler,  Dimensionless value: 0.000
0
1
2
3
0
1
2
3
0
1
2
3
0
1
2
3
0
1
2
3
0
1
2
3
0
1
2
3
0
1
2
3
0
1
2
3
0
1
2
3
0
1
2
3
0
1
2
3
0
1
2
3
0
1
2
3
0
1
2
3
0
1
2
3
0
1
2
3
0
1
2
3
0
1
2
3
0
1
2
3
0
1
2
3
0
1
2
3
0
1
2
3
0
1
2
3
0
1
2
3
0
1
2
3
0
1
2
3
0
1
2
3
0
1
2
3
0
1
2
3
0
1
2
3
0
1
2
3
0
1
2
3
0
1
2
3
0
1
2
3
0
1
2
3
0
1
2
3
0
1
2
3
0
1
2
3
0
1
2
3
0
1
2
3
0
1
2
3
0
1
2
3
0
1
2
3
0
1
2
3
0
1
2
3
0
1
2
3
0
1
2
3

Touch key to continue


Finished
Wed Mar 29 14:29:48 CDT 2023
