Tue Apr 18 17:50:15 CDT 2023
Autoloading gcc/11.2.0

Loading proteus/fct/gcc-11.2.0
  Loading requirement: gcc/11.2.0
# Wave

# Printing input data here to check

# Height/Depth: 0.050
# Dimensionless Period T*sqrt(g/d):   2.70
# Current criterion: Euler,  Dimensionless value: 0.000

# Solution by 8-term Fourier series


Height step  1 of  1

Iteration  1: Mean of corrections to free surface:  7.4e-03
Iteration  2: Mean of corrections to free surface:  1.4e-04
Iteration  3: Mean of corrections to free surface:  1.1e-07
Iteration  4: Mean of corrections to free surface:  5.6e-11

# Solution summary:

# Wave

# Solution by 8-term Fourier series

# Height/Depth: 0.050,  30% of the maximum of H/d = 0.168 for this length:
# Length/Depth:   1.18
# Dimensionless Period T*sqrt(g/d):   2.70
# Current criterion: Euler,  Dimensionless value: 0.000

Touch key to continue


Finished
Max nNodes_subdomain 169013 nNodes_global 169013
Done allocating MPIAdj
Max memory usage per core 0.298234GB
Done applying partition
Max memory usage per core 0.29918GB
==================out of core old2new is correct!====================
Done with masks
Max memory usage per core 0.301617GB
Done marking elements
Max memory usage per core 0.63531GB
Done allocating element numbering new2old/old2new
Max memory usage per core 0.650015GB
Done reading element boundaries
Max memory usage per core 0.817062GB
Allocating elementBoudnary old2new/new2old
Max memory usage per core 0.882242GB
Done allocating elementBoudnary old2new/new2old
Max memory usage per core 0.882242GB
Done reading edges
Max memory usage per core 1.05316GB
Setting edgeNumering old2new/new2old
Max memory usage per core 1.11843GB
Done allocating edgeNumering old2new/new2old
Max memory usage per core 1.11843GB
Done reading vertices
Max memory usage per core 1.13185GB
Done with material types
Max memory usage per core 1.4106GB
Done with partitioning!
Max memory usage per core 1.41076GB
