Tue May 23 10:15:41 CDT 2023
Autoloading gcc/11.2.0

Loading proteus/fct/gcc-11.2.0
  Loading requirement: gcc/11.2.0
# Wave

# Printing input data here to check

# Height/Depth: 0.020
# Dimensionless Period T*sqrt(g/d):   2.70
# Current criterion: Euler,  Dimensionless value: 0.000

# Solution by 8-term Fourier series


Height step  1 of  1

Iteration  1: Mean of corrections to free surface:  1.1e-03
Iteration  2: Mean of corrections to free surface:  3.4e-06
Iteration  3: Mean of corrections to free surface:  1.0e-09
Iteration  4: Mean of corrections to free surface:  5.1e-14

# Solution summary:

# Wave

# Solution by 8-term Fourier series

# Height/Depth: 0.020,  12% of the maximum of H/d = 0.165 for this length:
# Length/Depth:   1.17
# Dimensionless Period T*sqrt(g/d):   2.70
# Current criterion: Euler,  Dimensionless value: 0.000
