Tue Apr 11 16:52:46 CDT 2023
# Wave

# Printing input data here to check

# Height/Depth: 0.010
# Dimensionless Period T*sqrt(g/d):   1.62
# Current criterion: Euler,  Dimensionless value: 0.000

# Solution by 8-term Fourier series


Height step  1 of  1

Iteration  1: Mean of corrections to free surface:  2.2e-03
Iteration  2: Mean of corrections to free surface:  1.3e-05
Iteration  3: Mean of corrections to free surface:  5.5e-09
Iteration  4: Mean of corrections to free surface:  6.5e-13

# Solution summary:

# Wave

# Solution by 8-term Fourier series

# Height/Depth: 0.010,  17% of the maximum of H/d = 0.059 for this length:
# Length/Depth:   0.42
# Dimensionless Period T*sqrt(g/d):   1.62
# Current criterion: Euler,  Dimensionless value: 0.000

Touch key to continue


Finished
Max nNodes_subdomain 4996 nNodes_global 4996
Done allocating MPIAdj
Max memory usage per core 0.118915GB
Done applying partition
Max memory usage per core 0.118936GB
==================out of core old2new is correct!====================
Done with masks
Max memory usage per core 0.119914GB
Done marking elements
Max memory usage per core 0.129618GB
Done allocating element numbering new2old/old2new
Max memory usage per core 0.130105GB
Done reading element boundaries
Max memory usage per core 0.134861GB
Allocating elementBoudnary old2new/new2old
Max memory usage per core 0.13672GB
Done allocating elementBoudnary old2new/new2old
Max memory usage per core 0.136974GB
Done reading edges
Max memory usage per core 0.141836GB
Setting edgeNumering old2new/new2old
Max memory usage per core 0.143553GB
Done allocating edgeNumering old2new/new2old
Max memory usage per core 0.143811GB
Done reading vertices
Max memory usage per core 0.144077GB
Done with material types
Max memory usage per core 0.152588GB
Done with partitioning!
Max memory usage per core 0.152883GB
Tue Apr 11 16:53:36 CDT 2023
