Tue May 23 10:14:35 CDT 2023
Autoloading gcc/11.2.0

Loading proteus/fct/gcc-11.2.0
  Loading requirement: gcc/11.2.0
# Wave

# Printing input data here to check

# Height/Depth: 0.020
# Dimensionless Period T*sqrt(g/d):   2.70
# Current criterion: Euler,  Dimensionless value: 0.000

# Solution by 8-term Fourier series


Height step  1 of  1

Iteration  1: Mean of corrections to free surface:  1.1e-03
Iteration  2: Mean of corrections to free surface:  3.4e-06
Iteration  3: Mean of corrections to free surface:  1.0e-09
Iteration  4: Mean of corrections to free surface:  5.1e-14

# Solution summary:

# Wave

# Solution by 8-term Fourier series

# Height/Depth: 0.020,  12% of the maximum of H/d = 0.165 for this length:
# Length/Depth:   1.17
# Dimensionless Period T*sqrt(g/d):   2.70
# Current criterion: Euler,  Dimensionless value: 0.000

Touch key to continue


Finished
Max nNodes_subdomain 42209 nNodes_global 42209
Done allocating MPIAdj
Max memory usage per core 0.22605GB
Done applying partition
Max memory usage per core 0.226382GB
==================out of core old2new is correct!====================
Done with masks
Max memory usage per core 0.226652GB
Done marking elements
Max memory usage per core 0.300454GB
Done allocating element numbering new2old/old2new
Max memory usage per core 0.304239GB
Done reading element boundaries
Max memory usage per core 0.34587GB
Allocating elementBoudnary old2new/new2old
Max memory usage per core 0.36209GB
Done allocating elementBoudnary old2new/new2old
Max memory usage per core 0.36209GB
Done reading edges
Max memory usage per core 0.404533GB
Setting edgeNumering old2new/new2old
Max memory usage per core 0.420753GB
Done allocating edgeNumering old2new/new2old
Max memory usage per core 0.420753GB
Done reading vertices
Max memory usage per core 0.423997GB
Done with material types
Max memory usage per core 0.497529GB
Done with partitioning!
Max memory usage per core 0.497725GB
