Tue May 23 11:41:07 CDT 2023
Autoloading gcc/11.2.0

Loading proteus/fct/gcc-11.2.0
  Loading requirement: gcc/11.2.0
# Wave

# Printing input data here to check

# Height/Depth: 0.020
# Dimensionless Period T*sqrt(g/d):   2.70
# Current criterion: Euler,  Dimensionless value: 0.000

# Solution by 8-term Fourier series


Height step  1 of  1

Iteration  1: Mean of corrections to free surface:  1.1e-03
Iteration  2: Mean of corrections to free surface:  3.4e-06
Iteration  3: Mean of corrections to free surface:  1.0e-09
Iteration  4: Mean of corrections to free surface:  5.1e-14

# Solution summary:

# Wave

# Solution by 8-term Fourier series

# Height/Depth: 0.020,  12% of the maximum of H/d = 0.165 for this length:
# Length/Depth:   1.17
# Dimensionless Period T*sqrt(g/d):   2.70
# Current criterion: Euler,  Dimensionless value: 0.000

Touch key to continue


Finished
Max nNodes_subdomain 42365 nNodes_global 42365
Done allocating MPIAdj
Max memory usage per core 0.228397GB
Done applying partition
Max memory usage per core 0.22902GB
==================out of core old2new is correct!====================
Done with masks
Max memory usage per core 0.230404GB
Done marking elements
Max memory usage per core 0.313389GB
Done allocating element numbering new2old/old2new
Max memory usage per core 0.317174GB
Done reading element boundaries
Max memory usage per core 0.358806GB
Allocating elementBoudnary old2new/new2old
Max memory usage per core 0.375026GB
Done allocating elementBoudnary old2new/new2old
Max memory usage per core 0.375026GB
Done reading edges
Max memory usage per core 0.417739GB
Setting edgeNumering old2new/new2old
Max memory usage per core 0.433959GB
Done allocating edgeNumering old2new/new2old
Max memory usage per core 0.433959GB
Done reading vertices
Max memory usage per core 0.437465GB
Done with material types
Max memory usage per core 0.510984GB
Done with partitioning!
Max memory usage per core 0.511328GB
